<?xml version="1.0" encoding="UTF-8"?>
<!-- Generated by org.testng.reporters.JUnitXMLReporter -->
<testsuite hostname="JAGA" ignored="2" name="AccountCreationAndSignIn" tests="4" failures="0" timestamp="23 Apr 2018 16:27:15 GMT" time="40.973" errors="0">
  <testcase name="@AfterTest closeBrowser" time="0.0" classname="com.jaga.hybrid.commonfunctions.BaseClass">
    <failure type="org.openqa.selenium.NoSuchSessionException" message="Session ID is null. Using WebDriver after calling quit()?
Build info: version: &amp;apos;3.4.0&amp;apos;, revision: &amp;apos;unknown&amp;apos;, time: &amp;apos;unknown&amp;apos;
System info: host: &amp;apos;JAGA&amp;apos;, ip: &amp;apos;192.168.0.107&amp;apos;, os.name: &amp;apos;Windows 10&amp;apos;, os.arch: &amp;apos;x86&amp;apos;, os.version: &amp;apos;10.0&amp;apos;, java.version: &amp;apos;1.8.0_161&amp;apos;
Driver info: driver.version: RemoteWebDriver">
      <![CDATA[org.openqa.selenium.NoSuchSessionException: Session ID is null. Using WebDriver after calling quit()?
Build info: version: '3.4.0', revision: 'unknown', time: 'unknown'
System info: host: 'JAGA', ip: '192.168.0.107', os.name: 'Windows 10', os.arch: 'x86', os.version: '10.0', java.version: '1.8.0_161'
Driver info: driver.version: RemoteWebDriver
	at org.openqa.selenium.remote.HttpCommandExecutor.execute(HttpCommandExecutor.java:131)
	at org.openqa.selenium.remote.service.DriverCommandExecutor.execute(DriverCommandExecutor.java:82)
	at org.openqa.selenium.remote.RemoteWebDriver.execute(RemoteWebDriver.java:637)
	at org.openqa.selenium.remote.RemoteWebDriver.execute(RemoteWebDriver.java:694)
	at org.openqa.selenium.remote.RemoteWebDriver.close(RemoteWebDriver.java:523)
	at com.jaga.hybrid.commonfunctions.BaseClass.closeBrowser(BaseClass.java:274)
... Removed 23 stack frames]]>
    </failure>
  </testcase> <!-- @AfterTest closeBrowser -->
  <testcase name="createAccount" time="10.618" classname="com.jaga.hybrid.testscripts.AccountCreation"/>
  <testcase name="createAccount" time="0.194" classname="com.jaga.hybrid.testscripts.AccountCreation"/>
  <testcase name="signIn" time="0.049" classname="com.jaga.hybrid.testscripts.SignIn"/>
  <testcase name="signIn" time="0.008" classname="com.jaga.hybrid.testscripts.SignIn"/>
  <testcase name="@BeforeTest init" time="0.0" classname="com.jaga.hybrid.commonfunctions.BaseClass">
    <ignored/>
  </testcase> <!-- @BeforeTest init -->
  <testcase name="@AfterTest closeBrowser" time="0.0" classname="com.jaga.hybrid.commonfunctions.BaseClass">
    <ignored/>
  </testcase> <!-- @AfterTest closeBrowser -->
</testsuite> <!-- AccountCreationAndSignIn -->
